2024-04-15 14:12:52,373 [INFO] [main] [36mt.t.b.l.LogApplication[50][0;39m : Starting LogApplication using Java 17.0.10 with PID 12472 (D:\ideaCode\spring-boot-learning\spring-boot-log\target\classes started by 34746 in D:\ideaCode\spring-boot-learning)
2024-04-15 14:12:52,375 [INFO] [main] [36mt.t.b.l.LogApplication[660][0;39m : The following 1 profile is active: "dev"
2024-04-15 14:12:52,936 [INFO] [main] [36mo.s.b.w.e.t.TomcatWebServer[109][0;39m : Tomcat initialized with port 8080 (http)
2024-04-15 14:12:52,946 [INFO] [main] [36mo.a.c.h.Http11NioProtocol[173][0;39m : Initializing ProtocolHandler ["http-nio-8080"]
2024-04-15 14:12:52,947 [INFO] [main] [36mo.a.c.c.StandardService[173][0;39m : Starting service [Tomcat]
2024-04-15 14:12:52,948 [INFO] [main] [36mo.a.c.c.StandardEngine[173][0;39m : Starting Servlet engine: [Apache Tomcat/10.1.19]
2024-04-15 14:12:52,980 [INFO] [main] [36mo.a.c.c.C.[.[.[/][173][0;39m : Initializing Spring embedded WebApplicationContext
2024-04-15 14:12:52,980 [INFO] [main] [36mo.s.b.w.s.c.ServletWebServerApplicationContext[296][0;39m : Root WebApplicationContext: initialization completed in 583 ms
2024-04-15 14:12:53,349 [INFO] [main] [36mo.a.c.h.Http11NioProtocol[173][0;39m : Starting ProtocolHandler ["http-nio-8080"]
2024-04-15 14:12:53,361 [INFO] [main] [36mo.s.b.w.e.t.TomcatWebServer[241][0;39m : Tomcat started on port 8080 (http) with context path ''
2024-04-15 14:12:53,367 [INFO] [main] [36mt.t.b.l.LogApplication[56][0;39m : Started LogApplication in 1.339 seconds (process running for 1.647)
2024-04-15 14:23:27,491 [INFO] [restartedMain] [36mt.t.b.l.LogApplication[50][0;39m : Starting LogApplication using Java 17.0.10 with PID 7388 (D:\ideaCode\spring-boot-learning\spring-boot-log\target\classes started by 34746 in D:\ideaCode\spring-boot-learning)
2024-04-15 14:23:27,492 [INFO] [restartedMain] [36mt.t.b.l.LogApplication[660][0;39m : The following 1 profile is active: "dev"
2024-04-15 14:23:27,517 [INFO] [restartedMain] [36mo.s.b.d.e.DevToolsPropertyDefaultsPostProcessor[252][0;39m : Devtools property defaults active! Set 'spring.devtools.add-properties' to 'false' to disable
2024-04-15 14:23:27,518 [INFO] [restartedMain] [36mo.s.b.d.e.DevToolsPropertyDefaultsPostProcessor[252][0;39m : For additional web related logging consider setting the 'logging.level.web' property to 'DEBUG'
2024-04-15 14:23:28,019 [INFO] [restartedMain] [36mo.s.b.w.e.t.TomcatWebServer[109][0;39m : Tomcat initialized with port 8080 (http)
2024-04-15 14:23:28,025 [INFO] [restartedMain] [36mo.a.c.h.Http11NioProtocol[173][0;39m : Initializing ProtocolHandler ["http-nio-8080"]
2024-04-15 14:23:28,027 [INFO] [restartedMain] [36mo.a.c.c.StandardService[173][0;39m : Starting service [Tomcat]
2024-04-15 14:23:28,027 [INFO] [restartedMain] [36mo.a.c.c.StandardEngine[173][0;39m : Starting Servlet engine: [Apache Tomcat/10.1.19]
2024-04-15 14:23:28,051 [INFO] [restartedMain] [36mo.a.c.c.C.[.[.[/][173][0;39m : Initializing Spring embedded WebApplicationContext
2024-04-15 14:23:28,051 [INFO] [restartedMain] [36mo.s.b.w.s.c.ServletWebServerApplicationContext[296][0;39m : Root WebApplicationContext: initialization completed in 533 ms
2024-04-15 14:23:28,223 [INFO] [restartedMain] [36mo.s.b.d.a.OptionalLiveReloadServer[59][0;39m : LiveReload server is running on port 35729
2024-04-15 14:23:28,232 [INFO] [restartedMain] [36mo.a.c.h.Http11NioProtocol[173][0;39m : Starting ProtocolHandler ["http-nio-8080"]
2024-04-15 14:23:28,243 [INFO] [restartedMain] [36mo.s.b.w.e.t.TomcatWebServer[241][0;39m : Tomcat started on port 8080 (http) with context path ''
2024-04-15 14:23:28,251 [INFO] [restartedMain] [36mt.t.b.l.LogApplication[56][0;39m : Started LogApplication in 1.09 seconds (process running for 1.416)
